0 info it worked if it ends with ok
1 verbose cli [ '/home/kevin/.nvm/versions/node/v4.2.6/bin/node',
1 verbose cli   '/home/kevin/.nvm/versions/node/v4.2.6/bin/npm',
1 verbose cli   'run',
1 verbose cli   'build' ]
2 info using npm@3.10.6
3 info using node@v4.2.6
4 verbose run-script [ 'prebuild', 'build', 'postbuild' ]
5 info lifecycle manati-blog@0.0.0~prebuild: manati-blog@0.0.0
6 silly lifecycle manati-blog@0.0.0~prebuild: no script for prebuild, continuing
7 info lifecycle manati-blog@0.0.0~build: manati-blog@0.0.0
8 verbose lifecycle manati-blog@0.0.0~build: unsafe-perm in lifecycle true
9 verbose lifecycle manati-blog@0.0.0~build: PATH: /home/kevin/.nvm/versions/node/v4.2.6/lib/node_modules/npm/bin/node-gyp-bin:/home/kevin/development/manateam-blog/node_modules/.bin:/home/kevin/.nvm/versions/node/v4.2.6/bin:/home/kevin/.npm-global/bin:/home/kevin/.composer/vendor/bin:/usr/local/sbin:/usr/local/bin:/usr/sbin:/usr/bin:/sbin:/bin:/usr/games:/usr/local/games:/home/kevin/.rvm/bin
10 verbose lifecycle manati-blog@0.0.0~build: CWD: /home/kevin/development/manateam-blog
11 silly lifecycle manati-blog@0.0.0~build: Args: [ '-c', 'rimraf dist && webpack --bail --progress --profile' ]
12 silly lifecycle manati-blog@0.0.0~build: Returned: code: 2  signal: null
13 info lifecycle manati-blog@0.0.0~build: Failed to exec build script
14 verbose stack Error: manati-blog@0.0.0 build: `rimraf dist && webpack --bail --progress --profile`
14 verbose stack Exit status 2
14 verbose stack     at EventEmitter.<anonymous> (/home/kevin/.nvm/versions/node/v4.2.6/lib/node_modules/npm/lib/utils/lifecycle.js:255:16)
14 verbose stack     at emitTwo (events.js:87:13)
14 verbose stack     at EventEmitter.emit (events.js:172:7)
14 verbose stack     at ChildProcess.<anonymous> (/home/kevin/.nvm/versions/node/v4.2.6/lib/node_modules/npm/lib/utils/spawn.js:40:14)
14 verbose stack     at emitTwo (events.js:87:13)
14 verbose stack     at ChildProcess.emit (events.js:172:7)
14 verbose stack     at maybeClose (internal/child_process.js:821:16)
14 verbose stack     at Process.ChildProcess._handle.onexit (internal/child_process.js:211:5)
15 verbose pkgid manati-blog@0.0.0
16 verbose cwd /home/kevin/development/manateam-blog/client
17 error Linux 3.19.0-32-generic
18 error argv "/home/kevin/.nvm/versions/node/v4.2.6/bin/node" "/home/kevin/.nvm/versions/node/v4.2.6/bin/npm" "run" "build"
19 error node v4.2.6
20 error npm  v3.10.6
21 error code ELIFECYCLE
22 error manati-blog@0.0.0 build: `rimraf dist && webpack --bail --progress --profile`
22 error Exit status 2
23 error Failed at the manati-blog@0.0.0 build script 'rimraf dist && webpack --bail --progress --profile'.
23 error Make sure you have the latest version of node.js and npm installed.
23 error If you do, this is most likely a problem with the manati-blog package,
23 error not with npm itself.
23 error Tell the author that this fails on your system:
23 error     rimraf dist && webpack --bail --progress --profile
23 error You can get information on how to open an issue for this project with:
23 error     npm bugs manati-blog
23 error Or if that isn't available, you can get their info via:
23 error     npm owner ls manati-blog
23 error There is likely additional logging output above.
24 verbose exit [ 1, true ]
